# JRE version: Java(TM) SE Runtime Environment (8.0_144-b01) (build 1.8.0_144-b01)
# Java VM: Java HotSpot(TM) 64-Bit Server VM (25.144-b01 mixed mode windows-amd64 compressed oops)
Heap:
 PSYoungGen      total 267776K, used 250692K [0x000000076b800000, 0x0000000784200000, 0x00000007c0000000)
  eden space 258560K, 93% used [0x000000076b800000,0x000000077a3d65c8,0x000000077b480000)
  from space 9216K, 99% used [0x000000077b480000,0x000000077bd7ab20,0x000000077bd80000)
  to   space 13312K, 0% used [0x0000000783500000,0x0000000783500000,0x0000000784200000)
 ParOldGen       total 87552K, used 31338K [0x00000006c2800000, 0x00000006c7d80000, 0x000000076b800000)
  object space 87552K, 35% used [0x00000006c2800000,0x00000006c469a9d8,0x00000006c7d80000)
 Metaspace       used 51761K, capacity 54362K, committed 54528K, reserved 1099776K
  class space    used 6803K, capacity 7301K, committed 7424K, reserved 1048576K
GC Heap History (10 events):
Event: 4.710 GC heap before
{Heap before GC invocations=9 (full 1):
 PSYoungGen      total 267776K, used 267758K [0x000000076b800000, 0x0000000784200000, 0x00000007c0000000)
  eden space 258560K, 100% used [0x000000076b800000,0x000000077b480000,0x000000077b480000)
  from space 9216K, 99% used [0x000000077b480000,0x000000077bd7b9e8,0x000000077bd80000)
  to   space 13312K, 0% used [0x0000000783500000,0x0000000783500000,0x0000000784200000)
 ParOldGen       total 87552K, used 13506K [0x00000006c2800000, 0x00000006c7d80000, 0x000000076b800000)
  object space 87552K, 15% used [0x00000006c2800000,0x00000006c3530998,0x00000006c7d80000)
 Metaspace       used 34045K, capacity 35328K, committed 35456K, reserved 1079296K
  class space    used 4627K, capacity 4910K, committed 4992K, reserved 1048576K
Event: 4.723 GC heap after
Heap after GC invocations=9 (full 1):
 PSYoungGen      total 271872K, used 13310K [0x000000076b800000, 0x0000000784200000, 0x00000007c0000000)
  eden space 258560K, 0% used [0x000000076b800000,0x000000076b800000,0x000000077b480000)
  from space 13312K, 99% used [0x0000000783500000,0x00000007841ff9e8,0x0000000784200000)
  to   space 9216K, 0% used [0x000000077b480000,0x000000077b480000,0x000000077bd80000)
 ParOldGen       total 87552K, used 20434K [0x00000006c2800000, 0x00000006c7d80000, 0x000000076b800000)
  object space 87552K, 23% used [0x00000006c2800000,0x00000006c3bf4a18,0x00000006c7d80000)
 Metaspace       used 34045K, capacity 35328K, committed 35456K, reserved 1079296K
  class space    used 4627K, capacity 4910K, committed 4992K, reserved 1048576K
}
Event: 4.731 GC heap before
{Heap before GC invocations=10 (full 1):
 PSYoungGen      total 271872K, used 18174K [0x000000076b800000, 0x0000000784200000, 0x00000007c0000000)
  eden space 258560K, 1% used [0x000000076b800000,0x000000076bcc01c8,0x000000077b480000)
  from space 13312K, 99% used [0x0000000783500000,0x00000007841ff9e8,0x0000000784200000)
  to   space 9216K, 0% used [0x000000077b480000,0x000000077b480000,0x000000077bd80000)
 ParOldGen       total 87552K, used 20434K [0x00000006c2800000, 0x00000006c7d80000, 0x000000076b800000)
  object space 87552K, 23% used [0x00000006c2800000,0x00000006c3bf4a18,0x00000006c7d80000)
 Metaspace       used 34088K, capacity 35334K, committed 35456K, reserved 1079296K
  class space    used 4632K, capacity 4911K, committed 4992K, reserved 1048576K
Event: 4.738 GC heap after
Heap after GC invocations=10 (full 1):
 PSYoungGen      total 267776K, used 9216K [0x000000076b800000, 0x0000000784200000, 0x00000007c0000000)
  eden space 258560K, 0% used [0x000000076b800000,0x000000076b800000,0x000000077b480000)
  from space 9216K, 100% used [0x000000077b480000,0x000000077bd80000,0x000000077bd80000)
  to   space 13312K, 0% used [0x0000000783500000,0x0000000783500000,0x0000000784200000)
 ParOldGen       total 87552K, used 24043K [0x00000006c2800000, 0x00000006c7d80000, 0x000000076b800000)
  object space 87552K, 27% used [0x00000006c2800000,0x00000006c3f7afb8,0x00000006c7d80000)
 Metaspace       used 34088K, capacity 35334K, committed 35456K, reserved 1079296K
  class space    used 4632K, capacity 4911K, committed 4992K, reserved 1048576K
}
Event: 4.738 GC heap before
{Heap before GC invocations=11 (full 2):
 PSYoungGen      total 267776K, used 9216K [0x000000076b800000, 0x0000000784200000, 0x00000007c0000000)
  eden space 258560K, 0% used [0x000000076b800000,0x000000076b800000,0x000000077b480000)
  from space 9216K, 100% used [0x000000077b480000,0x000000077bd80000,0x000000077bd80000)
  to   space 13312K, 0% used [0x0000000783500000,0x0000000783500000,0x0000000784200000)
 ParOldGen       total 87552K, used 24043K [0x00000006c2800000, 0x00000006c7d80000, 0x000000076b800000)
  object space 87552K, 27% used [0x00000006c2800000,0x00000006c3f7afb8,0x00000006c7d80000)
 Metaspace       used 34088K, capacity 35334K, committed 35456K, reserved 1079296K
  class space    used 4632K, capacity 4911K, committed 4992K, reserved 1048576K
Event: 4.774 GC heap after
Heap after GC invocations=11 (full 2):
 PSYoungGen      total 267776K, used 0K [0x000000076b800000, 0x0000000784200000, 0x00000007c0000000)
  eden space 258560K, 0% used [0x000000076b800000,0x000000076b800000,0x000000077b480000)
  from space 9216K, 0% used [0x000000077b480000,0x000000077b480000,0x000000077bd80000)
  to   space 13312K, 0% used [0x0000000783500000,0x0000000783500000,0x0000000784200000)
 ParOldGen       total 87552K, used 18318K [0x00000006c2800000, 0x00000006c7d80000, 0x000000076b800000)
  object space 87552K, 20% used [0x00000006c2800000,0x00000006c39e3ac8,0x00000006c7d80000)
 Metaspace       used 34088K, capacity 35334K, committed 35456K, reserved 1079296K
  class space    used 4632K, capacity 4911K, committed 4992K, reserved 1048576K
}
Event: 6.315 GC heap before
{Heap before GC invocations=12 (full 2):
 PSYoungGen      total 267776K, used 258560K [0x000000076b800000, 0x0000000784200000, 0x00000007c0000000)
  eden space 258560K, 100% used [0x000000076b800000,0x000000077b480000,0x000000077b480000)
  from space 9216K, 0% used [0x000000077b480000,0x000000077b480000,0x000000077bd80000)
  to   space 13312K, 0% used [0x0000000783500000,0x0000000783500000,0x0000000784200000)
 ParOldGen       total 87552K, used 18318K [0x00000006c2800000, 0x00000006c7d80000, 0x000000076b800000)
  object space 87552K, 20% used [0x00000006c2800000,0x00000006c39e3ac8,0x00000006c7d80000)
 Metaspace       used 40662K, capacity 42676K, committed 42752K, reserved 1085440K
  class space    used 5482K, capacity 5858K, committed 5888K, reserved 1048576K
Event: 6.326 GC heap after
Heap after GC invocations=12 (full 2):
 PSYoungGen      total 271872K, used 12677K [0x000000076b800000, 0x0000000784200000, 0x00000007c0000000)
  eden space 258560K, 0% used [0x000000076b800000,0x000000076b800000,0x000000077b480000)
  from space 13312K, 95% used [0x0000000783500000,0x0000000784161448,0x0000000784200000)
  to   space 9216K, 0% used [0x000000077b480000,0x000000077b480000,0x000000077bd80000)
 ParOldGen       total 87552K, used 18326K [0x00000006c2800000, 0x00000006c7d80000, 0x000000076b800000)
  object space 87552K, 20% used [0x00000006c2800000,0x00000006c39e5ac8,0x00000006c7d80000)
 Metaspace       used 40662K, capacity 42676K, committed 42752K, reserved 1085440K
  class space    used 5482K, capacity 5858K, committed 5888K, reserved 1048576K
}
Event: 7.854 GC heap before
{Heap before GC invocations=13 (full 2):
 PSYoungGen      total 271872K, used 271237K [0x000000076b800000, 0x0000000784200000, 0x00000007c0000000)
  eden space 258560K, 100% used [0x000000076b800000,0x000000077b480000,0x000000077b480000)
  from space 13312K, 95% used [0x0000000783500000,0x0000000784161448,0x0000000784200000)
  to   space 9216K, 0% used [0x000000077b480000,0x000000077b480000,0x000000077bd80000)
 ParOldGen       total 87552K, used 18326K [0x00000006c2800000, 0x00000006c7d80000, 0x000000076b800000)
  object space 87552K, 20% used [0x00000006c2800000,0x00000006c39e5ac8,0x00000006c7d80000)
 Metaspace       used 49944K, capacity 52392K, committed 52480K, reserved 1095680K
  class space    used 6649K, capacity 7096K, committed 7168K, reserved 1048576K
Event: 7.876 GC heap after
Heap after GC invocations=13 (full 2):
 PSYoungGen      total 267776K, used 9194K [0x000000076b800000, 0x0000000784200000, 0x00000007c0000000)
  eden space 258560K, 0% used [0x000000076b800000,0x000000076b800000,0x000000077b480000)
  from space 9216K, 99% used [0x000000077b480000,0x000000077bd7ab20,0x000000077bd80000)
  to   space 13312K, 0% used [0x0000000783500000,0x0000000783500000,0x0000000784200000)
 ParOldGen       total 87552K, used 31338K [0x00000006c2800000, 0x00000006c7d80000, 0x000000076b800000)
  object space 87552K, 35% used [0x00000006c2800000,0x00000006c469a9d8,0x00000006c7d80000)
 Metaspace       used 49944K, capacity 52392K, committed 52480K, reserved 1095680K
  class space    used 6649K, capacity 7096K, committed 7168K, reserved 1048576K
}

