# JRE version: Java(TM) SE Runtime Environment (8.0_144-b01) (build 1.8.0_144-b01)
# Java VM: Java HotSpot(TM) 64-Bit Server VM (25.144-b01 mixed mode windows-amd64 compressed oops)
Heap:
 PSYoungGen      total 281600K, used 13261K [0x000000076b800000, 0x000000077ec00000, 0x00000007c0000000)
  eden space 264704K, 5% used [0x000000076b800000,0x000000076c4f37a0,0x000000077ba80000)
  from space 16896K, 0% used [0x000000077ca80000,0x000000077ca80000,0x000000077db00000)
  to   space 16384K, 0% used [0x000000077ba80000,0x000000077ba80000,0x000000077ca80000)
 ParOldGen       total 231424K, used 50145K [0x00000006c2800000, 0x00000006d0a00000, 0x000000076b800000)
  object space 231424K, 21% used [0x00000006c2800000,0x00000006c58f8478,0x00000006d0a00000)
 Metaspace       used 62479K, capacity 65620K, committed 65792K, reserved 1114112K
  class space    used 8385K, capacity 8928K, committed 8960K, reserved 1048576K
GC Heap History (10 events):
Event: 7.505 GC heap before
{Heap before GC invocations=15 (full 3):
 PSYoungGen      total 281088K, used 280302K [0x000000076b800000, 0x000000077ec00000, 0x00000007c0000000)
  eden space 264704K, 100% used [0x000000076b800000,0x000000077ba80000,0x000000077ba80000)
  from space 16384K, 95% used [0x000000077ba80000,0x000000077c9bb8f8,0x000000077ca80000)
  to   space 16896K, 0% used [0x000000077ca80000,0x000000077ca80000,0x000000077db00000)
 ParOldGen       total 231424K, used 18212K [0x00000006c2800000, 0x00000006d0a00000, 0x000000076b800000)
  object space 231424K, 7% used [0x00000006c2800000,0x00000006c39c93b8,0x00000006d0a00000)
 Metaspace       used 52355K, capacity 54768K, committed 55040K, reserved 1099776K
  class space    used 6881K, capacity 7333K, committed 7424K, reserved 1048576K
Event: 7.524 GC heap after
Heap after GC invocations=15 (full 3):
 PSYoungGen      total 281600K, used 16891K [0x000000076b800000, 0x000000077ec00000, 0x00000007c0000000)
  eden space 264704K, 0% used [0x000000076b800000,0x000000076b800000,0x000000077ba80000)
  from space 16896K, 99% used [0x000000077ca80000,0x000000077dafee78,0x000000077db00000)
  to   space 16384K, 0% used [0x000000077ba80000,0x000000077ba80000,0x000000077ca80000)
 ParOldGen       total 231424K, used 27229K [0x00000006c2800000, 0x00000006d0a00000, 0x000000076b800000)
  object space 231424K, 11% used [0x00000006c2800000,0x00000006c4297750,0x00000006d0a00000)
 Metaspace       used 52355K, capacity 54768K, committed 55040K, reserved 1099776K
  class space    used 6881K, capacity 7333K, committed 7424K, reserved 1048576K
}
Event: 8.548 GC heap before
{Heap before GC invocations=16 (full 3):
 PSYoungGen      total 281600K, used 260668K [0x000000076b800000, 0x000000077ec00000, 0x00000007c0000000)
  eden space 264704K, 92% used [0x000000076b800000,0x000000077a610508,0x000000077ba80000)
  from space 16896K, 99% used [0x000000077ca80000,0x000000077dafee78,0x000000077db00000)
  to   space 16384K, 0% used [0x000000077ba80000,0x000000077ba80000,0x000000077ca80000)
 ParOldGen       total 231424K, used 27229K [0x00000006c2800000, 0x00000006d0a00000, 0x000000076b800000)
  object space 231424K, 11% used [0x00000006c2800000,0x00000006c4297750,0x00000006d0a00000)
 Metaspace       used 56055K, capacity 58868K, committed 59136K, reserved 1103872K
  class space    used 7433K, capacity 7919K, committed 7936K, reserved 1048576K
Event: 8.563 GC heap after
Heap after GC invocations=16 (full 3):
 PSYoungGen      total 281088K, used 15180K [0x000000076b800000, 0x000000077ec00000, 0x00000007c0000000)
  eden space 264704K, 0% used [0x000000076b800000,0x000000076b800000,0x000000077ba80000)
  from space 16384K, 92% used [0x000000077ba80000,0x000000077c953340,0x000000077ca80000)
  to   space 16896K, 0% used [0x000000077ca80000,0x000000077ca80000,0x000000077db00000)
 ParOldGen       total 231424K, used 36808K [0x00000006c2800000, 0x00000006d0a00000, 0x000000076b800000)
  object space 231424K, 15% used [0x00000006c2800000,0x00000006c4bf2198,0x00000006d0a00000)
 Metaspace       used 56055K, capacity 58868K, committed 59136K, reserved 1103872K
  class space    used 7433K, capacity 7919K, committed 7936K, reserved 1048576K
}
Event: 8.563 GC heap before
{Heap before GC invocations=17 (full 4):
 PSYoungGen      total 281088K, used 15180K [0x000000076b800000, 0x000000077ec00000, 0x00000007c0000000)
  eden space 264704K, 0% used [0x000000076b800000,0x000000076b800000,0x000000077ba80000)
  from space 16384K, 92% used [0x000000077ba80000,0x000000077c953340,0x000000077ca80000)
  to   space 16896K, 0% used [0x000000077ca80000,0x000000077ca80000,0x000000077db00000)
 ParOldGen       total 231424K, used 36808K [0x00000006c2800000, 0x00000006d0a00000, 0x000000076b800000)
  object space 231424K, 15% used [0x00000006c2800000,0x00000006c4bf2198,0x00000006d0a00000)
 Metaspace       used 56055K, capacity 58868K, committed 59136K, reserved 1103872K
  class space    used 7433K, capacity 7919K, committed 7936K, reserved 1048576K
Event: 8.696 GC heap after
Heap after GC invocations=17 (full 4):
 PSYoungGen      total 281088K, used 0K [0x000000076b800000, 0x000000077ec00000, 0x00000007c0000000)
  eden space 264704K, 0% used [0x000000076b800000,0x000000076b800000,0x000000077ba80000)
  from space 16384K, 0% used [0x000000077ba80000,0x000000077ba80000,0x000000077ca80000)
  to   space 16896K, 0% used [0x000000077ca80000,0x000000077ca80000,0x000000077db00000)
 ParOldGen       total 231424K, used 45683K [0x00000006c2800000, 0x00000006d0a00000, 0x000000076b800000)
  object space 231424K, 19% used [0x00000006c2800000,0x00000006c549ccf0,0x00000006d0a00000)
 Metaspace       used 56055K, capacity 58868K, committed 59136K, reserved 1103872K
  class space    used 7433K, capacity 7919K, committed 7936K, reserved 1048576K
}
Event: 10.167 GC heap before
{Heap before GC invocations=18 (full 4):
 PSYoungGen      total 281088K, used 199270K [0x000000076b800000, 0x000000077ec00000, 0x00000007c0000000)
  eden space 264704K, 75% used [0x000000076b800000,0x0000000777a99be8,0x000000077ba80000)
  from space 16384K, 0% used [0x000000077ba80000,0x000000077ba80000,0x000000077ca80000)
  to   space 16896K, 0% used [0x000000077ca80000,0x000000077ca80000,0x000000077db00000)
 ParOldGen       total 231424K, used 45683K [0x00000006c2800000, 0x00000006d0a00000, 0x000000076b800000)
  object space 231424K, 19% used [0x00000006c2800000,0x00000006c549ccf0,0x00000006d0a00000)
 Metaspace       used 62097K, capacity 65190K, committed 65280K, reserved 1114112K
  class space    used 8330K, capacity 8879K, committed 8960K, reserved 1048576K
Event: 10.176 GC heap after
Heap after GC invocations=18 (full 4):
 PSYoungGen      total 281600K, used 9933K [0x000000076b800000, 0x000000077ec00000, 0x00000007c0000000)
  eden space 264704K, 0% used [0x000000076b800000,0x000000076b800000,0x000000077ba80000)
  from space 16896K, 58% used [0x000000077ca80000,0x000000077d4336b8,0x000000077db00000)
  to   space 16384K, 0% used [0x000000077ba80000,0x000000077ba80000,0x000000077ca80000)
 ParOldGen       total 231424K, used 45691K [0x00000006c2800000, 0x00000006d0a00000, 0x000000076b800000)
  object space 231424K, 19% used [0x00000006c2800000,0x00000006c549ecf0,0x00000006d0a00000)
 Metaspace       used 62097K, capacity 65190K, committed 65280K, reserved 1114112K
  class space    used 8330K, capacity 8879K, committed 8960K, reserved 1048576K
}
Event: 10.176 GC heap before
{Heap before GC invocations=19 (full 5):
 PSYoungGen      total 281600K, used 9933K [0x000000076b800000, 0x000000077ec00000, 0x00000007c0000000)
  eden space 264704K, 0% used [0x000000076b800000,0x000000076b800000,0x000000077ba80000)
  from space 16896K, 58% used [0x000000077ca80000,0x000000077d4336b8,0x000000077db00000)
  to   space 16384K, 0% used [0x000000077ba80000,0x000000077ba80000,0x000000077ca80000)
 ParOldGen       total 231424K, used 45691K [0x00000006c2800000, 0x00000006d0a00000, 0x000000076b800000)
  object space 231424K, 19% used [0x00000006c2800000,0x00000006c549ecf0,0x00000006d0a00000)
 Metaspace       used 62097K, capacity 65190K, committed 65280K, reserved 1114112K
  class space    used 8330K, capacity 8879K, committed 8960K, reserved 1048576K
Event: 10.438 GC heap after
Heap after GC invocations=19 (full 5):
 PSYoungGen      total 281600K, used 0K [0x000000076b800000, 0x000000077ec00000, 0x00000007c0000000)
  eden space 264704K, 0% used [0x000000076b800000,0x000000076b800000,0x000000077ba80000)
  from space 16896K, 0% used [0x000000077ca80000,0x000000077ca80000,0x000000077db00000)
  to   space 16384K, 0% used [0x000000077ba80000,0x000000077ba80000,0x000000077ca80000)
 ParOldGen       total 231424K, used 50145K [0x00000006c2800000, 0x00000006d0a00000, 0x000000076b800000)
  object space 231424K, 21% used [0x00000006c2800000,0x00000006c58f8478,0x00000006d0a00000)
 Metaspace       used 62097K, capacity 65190K, committed 65280K, reserved 1112064K
  class space    used 8330K, capacity 8879K, committed 8960K, reserved 1048576K
}

