# JRE version: Java(TM) SE Runtime Environment (8.0_144-b01) (build 1.8.0_144-b01)
# Java VM: Java HotSpot(TM) 64-Bit Server VM (25.144-b01 mixed mode windows-amd64 compressed oops)
Heap:
 PSYoungGen      total 222720K, used 179016K [0x000000076b800000, 0x000000077c600000, 0x00000007c0000000)
  eden space 214016K, 83% used [0x000000076b800000,0x00000007766d2160,0x0000000778900000)
  from space 8704K, 0% used [0x000000077b500000,0x000000077b500000,0x000000077bd80000)
  to   space 7680K, 0% used [0x000000077be80000,0x000000077be80000,0x000000077c600000)
 ParOldGen       total 92672K, used 16691K [0x00000006c2800000, 0x00000006c8280000, 0x000000076b800000)
  object space 92672K, 18% used [0x00000006c2800000,0x00000006c384cf60,0x00000006c8280000)
 Metaspace       used 41853K, capacity 43874K, committed 44160K, reserved 1087488K
  class space    used 5565K, capacity 5959K, committed 6016K, reserved 1048576K
GC Heap History (10 events):
Event: 3.365 GC heap before
{Heap before GC invocations=7 (full 1):
 PSYoungGen      total 140800K, used 130048K [0x000000076b800000, 0x000000077c700000, 0x00000007c0000000)
  eden space 130048K, 100% used [0x000000076b800000,0x0000000773700000,0x0000000773700000)
  from space 10752K, 0% used [0x0000000773700000,0x0000000773700000,0x0000000774180000)
  to   space 8704K, 0% used [0x000000077be80000,0x000000077be80000,0x000000077c700000)
 ParOldGen       total 92672K, used 7103K [0x00000006c2800000, 0x00000006c8280000, 0x000000076b800000)
  object space 92672K, 7% used [0x00000006c2800000,0x00000006c2eefc88,0x00000006c8280000)
 Metaspace       used 25907K, capacity 26892K, committed 27008K, reserved 1073152K
  class space    used 3440K, capacity 3684K, committed 3712K, reserved 1048576K
Event: 3.371 GC heap after
Heap after GC invocations=7 (full 1):
 PSYoungGen      total 221696K, used 7392K [0x000000076b800000, 0x000000077c600000, 0x00000007c0000000)
  eden space 214016K, 0% used [0x000000076b800000,0x000000076b800000,0x0000000778900000)
  from space 7680K, 96% used [0x000000077be80000,0x000000077c5b81d8,0x000000077c600000)
  to   space 8704K, 0% used [0x000000077b500000,0x000000077b500000,0x000000077bd80000)
 ParOldGen       total 92672K, used 7111K [0x00000006c2800000, 0x00000006c8280000, 0x000000076b800000)
  object space 92672K, 7% used [0x00000006c2800000,0x00000006c2ef1c88,0x00000006c8280000)
 Metaspace       used 25907K, capacity 26892K, committed 27008K, reserved 1073152K
  class space    used 3440K, capacity 3684K, committed 3712K, reserved 1048576K
}
Event: 4.127 GC heap before
{Heap before GC invocations=8 (full 1):
 PSYoungGen      total 221696K, used 221408K [0x000000076b800000, 0x000000077c600000, 0x00000007c0000000)
  eden space 214016K, 100% used [0x000000076b800000,0x0000000778900000,0x0000000778900000)
  from space 7680K, 96% used [0x000000077be80000,0x000000077c5b81d8,0x000000077c600000)
  to   space 8704K, 0% used [0x000000077b500000,0x000000077b500000,0x000000077bd80000)
 ParOldGen       total 92672K, used 7111K [0x00000006c2800000, 0x00000006c8280000, 0x000000076b800000)
  object space 92672K, 7% used [0x00000006c2800000,0x00000006c2ef1c88,0x00000006c8280000)
 Metaspace       used 28473K, capacity 29626K, committed 29696K, reserved 1075200K
  class space    used 3802K, capacity 4051K, committed 4096K, reserved 1048576K
Event: 4.137 GC heap after
Heap after GC invocations=8 (full 1):
 PSYoungGen      total 222720K, used 8690K [0x000000076b800000, 0x000000077c600000, 0x00000007c0000000)
  eden space 214016K, 0% used [0x000000076b800000,0x000000076b800000,0x0000000778900000)
  from space 8704K, 99% used [0x000000077b500000,0x000000077bd7c8a8,0x000000077bd80000)
  to   space 7680K, 0% used [0x000000077be80000,0x000000077be80000,0x000000077c600000)
 ParOldGen       total 92672K, used 11510K [0x00000006c2800000, 0x00000006c8280000, 0x000000076b800000)
  object space 92672K, 12% used [0x00000006c2800000,0x00000006c333d858,0x00000006c8280000)
 Metaspace       used 28473K, capacity 29626K, committed 29696K, reserved 1075200K
  class space    used 3802K, capacity 4051K, committed 4096K, reserved 1048576K
}
Event: 5.136 GC heap before
{Heap before GC invocations=9 (full 1):
 PSYoungGen      total 222720K, used 222706K [0x000000076b800000, 0x000000077c600000, 0x00000007c0000000)
  eden space 214016K, 100% used [0x000000076b800000,0x0000000778900000,0x0000000778900000)
  from space 8704K, 99% used [0x000000077b500000,0x000000077bd7c8a8,0x000000077bd80000)
  to   space 7680K, 0% used [0x000000077be80000,0x000000077be80000,0x000000077c600000)
 ParOldGen       total 92672K, used 11510K [0x00000006c2800000, 0x00000006c8280000, 0x000000076b800000)
  object space 92672K, 12% used [0x00000006c2800000,0x00000006c333d858,0x00000006c8280000)
 Metaspace       used 33896K, capacity 35210K, committed 35328K, reserved 1079296K
  class space    used 4590K, capacity 4861K, committed 4864K, reserved 1048576K
Event: 5.148 GC heap after
Heap after GC invocations=9 (full 1):
 PSYoungGen      total 221696K, used 7665K [0x000000076b800000, 0x000000077c600000, 0x00000007c0000000)
  eden space 214016K, 0% used [0x000000076b800000,0x000000076b800000,0x0000000778900000)
  from space 7680K, 99% used [0x000000077be80000,0x000000077c5fc798,0x000000077c600000)
  to   space 8704K, 0% used [0x000000077b500000,0x000000077b500000,0x000000077bd80000)
 ParOldGen       total 92672K, used 20466K [0x00000006c2800000, 0x00000006c8280000, 0x000000076b800000)
  object space 92672K, 22% used [0x00000006c2800000,0x00000006c3bfc938,0x00000006c8280000)
 Metaspace       used 33896K, capacity 35210K, committed 35328K, reserved 1079296K
  class space    used 4590K, capacity 4861K, committed 4864K, reserved 1048576K
}
Event: 5.169 GC heap before
{Heap before GC invocations=10 (full 1):
 PSYoungGen      total 221696K, used 11472K [0x000000076b800000, 0x000000077c600000, 0x00000007c0000000)
  eden space 214016K, 1% used [0x000000076b800000,0x000000076bbb7920,0x0000000778900000)
  from space 7680K, 99% used [0x000000077be80000,0x000000077c5fc798,0x000000077c600000)
  to   space 8704K, 0% used [0x000000077b500000,0x000000077b500000,0x000000077bd80000)
 ParOldGen       total 92672K, used 20466K [0x00000006c2800000, 0x00000006c8280000, 0x000000076b800000)
  object space 92672K, 22% used [0x00000006c2800000,0x00000006c3bfc938,0x00000006c8280000)
 Metaspace       used 33978K, capacity 35320K, committed 35456K, reserved 1079296K
  class space    used 4600K, capacity 4896K, committed 4992K, reserved 1048576K
Event: 5.178 GC heap after
Heap after GC invocations=10 (full 1):
 PSYoungGen      total 222720K, used 6178K [0x000000076b800000, 0x000000077c600000, 0x00000007c0000000)
  eden space 214016K, 0% used [0x000000076b800000,0x000000076b800000,0x0000000778900000)
  from space 8704K, 70% used [0x000000077b500000,0x000000077bb088a0,0x000000077bd80000)
  to   space 7680K, 0% used [0x000000077be80000,0x000000077be80000,0x000000077c600000)
 ParOldGen       total 92672K, used 22300K [0x00000006c2800000, 0x00000006c8280000, 0x000000076b800000)
  object space 92672K, 24% used [0x00000006c2800000,0x00000006c3dc70d0,0x00000006c8280000)
 Metaspace       used 33978K, capacity 35320K, committed 35456K, reserved 1079296K
  class space    used 4600K, capacity 4896K, committed 4992K, reserved 1048576K
}
Event: 5.178 GC heap before
{Heap before GC invocations=11 (full 2):
 PSYoungGen      total 222720K, used 6178K [0x000000076b800000, 0x000000077c600000, 0x00000007c0000000)
  eden space 214016K, 0% used [0x000000076b800000,0x000000076b800000,0x0000000778900000)
  from space 8704K, 70% used [0x000000077b500000,0x000000077bb088a0,0x000000077bd80000)
  to   space 7680K, 0% used [0x000000077be80000,0x000000077be80000,0x000000077c600000)
 ParOldGen       total 92672K, used 22300K [0x00000006c2800000, 0x00000006c8280000, 0x000000076b800000)
  object space 92672K, 24% used [0x00000006c2800000,0x00000006c3dc70d0,0x00000006c8280000)
 Metaspace       used 33978K, capacity 35320K, committed 35456K, reserved 1079296K
  class space    used 4600K, capacity 4896K, committed 4992K, reserved 1048576K
Event: 5.224 GC heap after
Heap after GC invocations=11 (full 2):
 PSYoungGen      total 222720K, used 0K [0x000000076b800000, 0x000000077c600000, 0x00000007c0000000)
  eden space 214016K, 0% used [0x000000076b800000,0x000000076b800000,0x0000000778900000)
  from space 8704K, 0% used [0x000000077b500000,0x000000077b500000,0x000000077bd80000)
  to   space 7680K, 0% used [0x000000077be80000,0x000000077be80000,0x000000077c600000)
 ParOldGen       total 92672K, used 16691K [0x00000006c2800000, 0x00000006c8280000, 0x000000076b800000)
  object space 92672K, 18% used [0x00000006c2800000,0x00000006c384cf60,0x00000006c8280000)
 Metaspace       used 33978K, capacity 35320K, committed 35456K, reserved 1079296K
  class space    used 4600K, capacity 4896K, committed 4992K, reserved 1048576K
}

