# JRE version: Java(TM) SE Runtime Environment (8.0_144-b01) (build 1.8.0_144-b01)
# Java VM: Java HotSpot(TM) 64-Bit Server VM (25.144-b01 mixed mode windows-amd64 compressed oops)
Heap:
 PSYoungGen      total 531456K, used 381358K [0x000000076b800000, 0x0000000798380000, 0x00000007c0000000)
  eden space 506368K, 75% used [0x000000076b800000,0x0000000782c6bab8,0x000000078a680000)
  from space 25088K, 0% used [0x000000078a680000,0x000000078a680000,0x000000078bf00000)
  to   space 25088K, 0% used [0x0000000796b00000,0x0000000796b00000,0x0000000798380000)
 ParOldGen       total 203264K, used 48299K [0x00000006c2800000, 0x00000006cee80000, 0x000000076b800000)
  object space 203264K, 23% used [0x00000006c2800000,0x00000006c572afe8,0x00000006cee80000)
 Metaspace       used 65500K, capacity 68799K, committed 68952K, reserved 1114112K
  class space    used 8660K, capacity 9238K, committed 9304K, reserved 1048576K
GC Heap History (10 events):
Event: 4.681 GC heap before
{Heap before GC invocations=10 (full 2):
 PSYoungGen      total 389632K, used 13310K [0x000000076b800000, 0x0000000788200000, 0x00000007c0000000)
  eden space 376320K, 0% used [0x000000076b800000,0x000000076b800000,0x0000000782780000)
  from space 13312K, 99% used [0x0000000783900000,0x00000007845ff990,0x0000000784600000)
  to   space 17920K, 0% used [0x0000000782780000,0x0000000782780000,0x0000000783900000)
 ParOldGen       total 87040K, used 20773K [0x00000006c2800000, 0x00000006c7d00000, 0x000000076b800000)
  object space 87040K, 23% used [0x00000006c2800000,0x00000006c3c49780,0x00000006c7d00000)
 Metaspace       used 34071K, capacity 35334K, committed 35456K, reserved 1079296K
  class space    used 4631K, capacity 4911K, committed 4992K, reserved 1048576K
Event: 4.718 GC heap after
Heap after GC invocations=10 (full 2):
 PSYoungGen      total 389632K, used 0K [0x000000076b800000, 0x0000000788200000, 0x00000007c0000000)
  eden space 376320K, 0% used [0x000000076b800000,0x000000076b800000,0x0000000782780000)
  from space 13312K, 0% used [0x0000000783900000,0x0000000783900000,0x0000000784600000)
  to   space 17920K, 0% used [0x0000000782780000,0x0000000782780000,0x0000000783900000)
 ParOldGen       total 141312K, used 25141K [0x00000006c2800000, 0x00000006cb200000, 0x000000076b800000)
  object space 141312K, 17% used [0x00000006c2800000,0x00000006c408d748,0x00000006cb200000)
 Metaspace       used 34071K, capacity 35334K, committed 35456K, reserved 1079296K
  class space    used 4631K, capacity 4911K, committed 4992K, reserved 1048576K
}
Event: 7.052 GC heap before
{Heap before GC invocations=11 (full 2):
 PSYoungGen      total 389632K, used 376320K [0x000000076b800000, 0x0000000788200000, 0x00000007c0000000)
  eden space 376320K, 100% used [0x000000076b800000,0x0000000782780000,0x0000000782780000)
  from space 13312K, 0% used [0x0000000783900000,0x0000000783900000,0x0000000784600000)
  to   space 17920K, 0% used [0x0000000782780000,0x0000000782780000,0x0000000783900000)
 ParOldGen       total 141312K, used 25141K [0x00000006c2800000, 0x00000006cb200000, 0x000000076b800000)
  object space 141312K, 17% used [0x00000006c2800000,0x00000006c408d748,0x00000006cb200000)
 Metaspace       used 45571K, capacity 47758K, committed 48000K, reserved 1091584K
  class space    used 6038K, capacity 6451K, committed 6528K, reserved 1048576K
Event: 7.067 GC heap after
Heap after GC invocations=11 (full 2):
 PSYoungGen      total 394240K, used 17894K [0x000000076b800000, 0x000000078d480000, 0x00000007c0000000)
  eden space 376320K, 0% used [0x000000076b800000,0x000000076b800000,0x0000000782780000)
  from space 17920K, 99% used [0x0000000782780000,0x00000007838f9b38,0x0000000783900000)
  to   space 21504K, 0% used [0x000000078bf80000,0x000000078bf80000,0x000000078d480000)
 ParOldGen       total 141312K, used 28128K [0x00000006c2800000, 0x00000006cb200000, 0x000000076b800000)
  object space 141312K, 19% used [0x00000006c2800000,0x00000006c4378040,0x00000006cb200000)
 Metaspace       used 45571K, capacity 47758K, committed 48000K, reserved 1091584K
  class space    used 6038K, capacity 6451K, committed 6528K, reserved 1048576K
}
Event: 8.194 GC heap before
{Heap before GC invocations=12 (full 2):
 PSYoungGen      total 394240K, used 394214K [0x000000076b800000, 0x000000078d480000, 0x00000007c0000000)
  eden space 376320K, 100% used [0x000000076b800000,0x0000000782780000,0x0000000782780000)
  from space 17920K, 99% used [0x0000000782780000,0x00000007838f9b38,0x0000000783900000)
  to   space 21504K, 0% used [0x000000078bf80000,0x000000078bf80000,0x000000078d480000)
 ParOldGen       total 141312K, used 28128K [0x00000006c2800000, 0x00000006cb200000, 0x000000076b800000)
  object space 141312K, 19% used [0x00000006c2800000,0x00000006c4378040,0x00000006cb200000)
 Metaspace       used 51554K, capacity 54100K, committed 54144K, reserved 1095680K
  class space    used 6785K, capacity 7262K, committed 7296K, reserved 1048576K
Event: 8.208 GC heap after
Heap after GC invocations=12 (full 2):
 PSYoungGen      total 527872K, used 21499K [0x000000076b800000, 0x000000078d780000, 0x00000007c0000000)
  eden space 506368K, 0% used [0x000000076b800000,0x000000076b800000,0x000000078a680000)
  from space 21504K, 99% used [0x000000078bf80000,0x000000078d47efa8,0x000000078d480000)
  to   space 25088K, 0% used [0x000000078a680000,0x000000078a680000,0x000000078bf00000)
 ParOldGen       total 141312K, used 29949K [0x00000006c2800000, 0x00000006cb200000, 0x000000076b800000)
  object space 141312K, 21% used [0x00000006c2800000,0x00000006c453f610,0x00000006cb200000)
 Metaspace       used 51554K, capacity 54100K, committed 54144K, reserved 1095680K
  class space    used 6785K, capacity 7262K, committed 7296K, reserved 1048576K
}
Event: 9.287 GC heap before
{Heap before GC invocations=13 (full 2):
 PSYoungGen      total 527872K, used 298841K [0x000000076b800000, 0x000000078d780000, 0x00000007c0000000)
  eden space 506368K, 54% used [0x000000076b800000,0x000000077c6d7608,0x000000078a680000)
  from space 21504K, 99% used [0x000000078bf80000,0x000000078d47efa8,0x000000078d480000)
  to   space 25088K, 0% used [0x000000078a680000,0x000000078a680000,0x000000078bf00000)
 ParOldGen       total 141312K, used 29949K [0x00000006c2800000, 0x00000006cb200000, 0x000000076b800000)
  object space 141312K, 21% used [0x00000006c2800000,0x00000006c453f610,0x00000006cb200000)
 Metaspace       used 56217K, capacity 59017K, committed 59096K, reserved 1099776K
  class space    used 7328K, capacity 7817K, committed 7896K, reserved 1048576K
Event: 9.306 GC heap after
Heap after GC invocations=13 (full 2):
 PSYoungGen      total 531456K, used 15132K [0x000000076b800000, 0x0000000798380000, 0x00000007c0000000)
  eden space 506368K, 0% used [0x000000076b800000,0x000000076b800000,0x000000078a680000)
  from space 25088K, 60% used [0x000000078a680000,0x000000078b547058,0x000000078bf00000)
  to   space 25088K, 0% used [0x0000000796b00000,0x0000000796b00000,0x0000000798380000)
 ParOldGen       total 141312K, used 49227K [0x00000006c2800000, 0x00000006cb200000, 0x000000076b800000)
  object space 141312K, 34% used [0x00000006c2800000,0x00000006c5812c98,0x00000006cb200000)
 Metaspace       used 56217K, capacity 59017K, committed 59096K, reserved 1099776K
  class space    used 7328K, capacity 7817K, committed 7896K, reserved 1048576K
}
Event: 9.306 GC heap before
{Heap before GC invocations=14 (full 3):
 PSYoungGen      total 531456K, used 15132K [0x000000076b800000, 0x0000000798380000, 0x00000007c0000000)
  eden space 506368K, 0% used [0x000000076b800000,0x000000076b800000,0x000000078a680000)
  from space 25088K, 60% used [0x000000078a680000,0x000000078b547058,0x000000078bf00000)
  to   space 25088K, 0% used [0x0000000796b00000,0x0000000796b00000,0x0000000798380000)
 ParOldGen       total 141312K, used 49227K [0x00000006c2800000, 0x00000006cb200000, 0x000000076b800000)
  object space 141312K, 34% used [0x00000006c2800000,0x00000006c5812c98,0x00000006cb200000)
 Metaspace       used 56217K, capacity 59017K, committed 59096K, reserved 1099776K
  class space    used 7328K, capacity 7817K, committed 7896K, reserved 1048576K
Event: 9.428 GC heap after
Heap after GC invocations=14 (full 3):
 PSYoungGen      total 531456K, used 0K [0x000000076b800000, 0x0000000798380000, 0x00000007c0000000)
  eden space 506368K, 0% used [0x000000076b800000,0x000000076b800000,0x000000078a680000)
  from space 25088K, 0% used [0x000000078a680000,0x000000078a680000,0x000000078bf00000)
  to   space 25088K, 0% used [0x0000000796b00000,0x0000000796b00000,0x0000000798380000)
 ParOldGen       total 203264K, used 48299K [0x00000006c2800000, 0x00000006cee80000, 0x000000076b800000)
  object space 203264K, 23% used [0x00000006c2800000,0x00000006c572afe8,0x00000006cee80000)
 Metaspace       used 56217K, capacity 59017K, committed 59096K, reserved 1099776K
  class space    used 7328K, capacity 7817K, committed 7896K, reserved 1048576K
}

